2025-05-23T06:03:50+02:00 Array
(
    [movimiento1] => Carantoña
    [movimiento2] => Campo Eléctrico
    [movimiento3] => Bofetón Lodo
    [movimiento4] => Amago
    [id] => 1
    [nombre] => Pikachu
    [pokedex] => #25
)

2025-05-23T06:03:50+02:00 Guarda OK: id=2, nombre=Pikachu
2025-05-23T06:07:04+02:00 Array
(
    [movimiento1] => Abatidoras
    [movimiento2] => Abatidoras
    [movimiento3] => Abatidoras
    [movimiento4] => Abatidoras
    [id] => 1
    [nombre] => Bulbasaur
    [pokedex] => #1
)

2025-05-23T06:07:04+02:00 Guarda OK: id=2, nombre=Bulbasaur
2025-05-23T06:29:22+02:00 Array
(
    [movimiento1] => Canto Encantador
    [movimiento2] => Canon
    [movimiento3] => Bofetón Lodo
    [movimiento4] => Atracción
    [id] => 1
    [nombre] => Pikachu
    [pokedex] => #25
)

2025-05-23T06:29:22+02:00 Guarda OK: id=2, nombre=Pikachu
2025-05-23T06:32:43+02:00 Array
(
    [movimiento1] => Campo Eléctrico
    [movimiento2] => Bola Voltio
    [movimiento3] => Canto Encantador
    [movimiento4] => Beso Dulce
    [id] => 1
    [nombre] => Pikachu
    [pokedex] => #25
)

2025-05-23T06:32:43+02:00 Guarda OK: id=2, nombre=Pikachu
2025-06-04T17:50:40+02:00 Guarda OK: id=2, nombre=Charizard
2025-06-04T18:45:13+02:00 Guarda OK: id=2, nombre=Palkia
2025-06-04T18:56:07+02:00 Guarda OK: id=2, nombre=Charizard
2025-06-04T18:59:37+02:00 Guarda OK: id=2, nombre=Cargando...
2025-06-04T19:00:40+02:00 Guarda OK: id=2, nombre=Suicune
2025-06-04T19:01:48+02:00 Guarda OK: id=2, nombre=Sunkern
2025-06-06T17:14:00+02:00 Guarda OK: id=2, nombre=Chingling
2025-06-06T17:14:26+02:00 Guarda OK: id=2, nombre=Masquerain
2025-06-06T17:25:16+02:00 Guarda OK: id=2, nombre=Gliscor
2025-06-06T17:25:33+02:00 Guarda OK: id=2, nombre=Sableye
2025-06-06T17:30:44+02:00 Guarda OK: id=2, nombre=Charizard
2025-06-06T17:49:49+02:00 Guarda OK: id=2, nombre=Blastoise
2025-06-06T17:50:19+02:00 Guarda OK: id=2, nombre=Venusaur
2025-06-06T17:52:50+02:00 Guarda OK: id=2, nombre=Chespin
2025-06-06T17:53:05+02:00 Guarda OK: id=2, nombre=Enamorus
2025-06-06T17:53:17+02:00 Guarda OK: id=2, nombre=Charizard
2025-06-06T17:54:49+02:00 Guarda OK: id=2, nombre=Charizard
2025-06-11T18:55:42+02:00 Guarda OK: id=2, nombre=Hatterene
2025-06-11T18:56:42+02:00 Guarda OK: id=2, nombre=Baxcalibur
2025-06-26T02:37:34+02:00 Guarda OK: id=2, nombre=Totodile
2025-06-26T02:51:10+02:00 Guarda OK: id=2, nombre=Dugtrio
2025-06-26T02:57:16+02:00 Guarda OK: id=2, nombre=Aromatisse
2025-06-26T03:11:54+02:00 Guarda OK: id=2, nombre=Cloyster
2025-06-26T03:13:42+02:00 Guarda OK: id=2, nombre=Cloyster
2025-06-26T03:16:36+02:00 Guarda OK: id=2, nombre=Cloyster
2025-06-26T03:16:58+02:00 Guarda OK: id=2, nombre=Patrat
2025-06-26T04:57:59+02:00 Guarda OK: id=2, nombre=Arctozolt
2025-06-26T05:11:17+02:00 Guarda OK: id=2, nombre=Charizard
2025-06-26T05:36:17+02:00 Guarda OK: id=2, nombre=Nymble
2025-06-26T05:50:23+02:00 Guarda OK: id=2, nombre=Ivysaur
2025-06-26T06:23:01+02:00 Guarda OK: id=2, nombre=Cofagrigus
2025-06-26T06:38:08+02:00 Guarda OK: id=2, nombre=Kingdra
